<?xml version="1.0" encoding="UTF-8"?>
<robot generator="Robot 6.0.2 (Python 3.11.2 on win32)" generated="20230213 20:24:37.099" rpa="false" schemaversion="3">
<suite id="s1" name="Chronos" source="C:\Users\Public\Documents\Robot_Sem_Complicacao\chronos.robot">
<test id="s1-t1" name="chronos teste" line="9">
<kw name="Open Browser" library="SeleniumLibrary">
<arg>https://www.demoblaze.com/</arg>
<arg>chrome</arg>
<doc>Opens a new browser instance to the optional ``url``.</doc>
<msg timestamp="20230213 20:24:37.558" level="INFO">Opening browser 'chrome' to base url 'https://www.demoblaze.com/'.</msg>
<status status="PASS" starttime="20230213 20:24:37.557" endtime="20230213 20:24:40.791"/>
</kw>
<kw name="Maximize Browser Window" library="SeleniumLibrary">
<doc>Maximizes current browser window.</doc>
<status status="PASS" starttime="20230213 20:24:40.793" endtime="20230213 20:24:40.944"/>
</kw>
<status status="PASS" starttime="20230213 20:24:37.556" endtime="20230213 20:24:40.948"/>
</test>
<doc>Robot Framework_Sem_complicacao</doc>
<status status="PASS" starttime="20230213 20:24:37.102" endtime="20230213 20:24:40.957"/>
</suite>
<statistics>
<total>
<stat pass="1" fail="0" skip="0">All Tests</stat>
</total>
<tag>
</tag>
<suite>
<stat pass="1" fail="0" skip="0" id="s1" name="Chronos">Chronos</stat>
</suite>
</statistics>
<errors>
</errors>
</robot>
